0 info it worked if it ends with ok
1 verbose cli [ 'C:\\Program Files\\nodejs\\node.exe',
1 verbose cli   'C:\\Program Files\\nodejs\\node_modules\\npm\\bin\\npm-cli.js',
1 verbose cli   'run',
1 verbose cli   'sass' ]
2 info using npm@3.10.10
3 info using node@v6.11.3
4 verbose run-script [ 'presass', 'sass', 'postsass' ]
5 info lifecycle portfolio@1.0.0~presass: portfolio@1.0.0
6 silly lifecycle portfolio@1.0.0~presass: no script for presass, continuing
7 info lifecycle portfolio@1.0.0~sass: portfolio@1.0.0
8 verbose lifecycle portfolio@1.0.0~sass: unsafe-perm in lifecycle true
9 verbose lifecycle portfolio@1.0.0~sass: PATH: C:\Program Files\nodejs\node_modules\npm\bin\node-gyp-bin;F:\Testing Shit Sandbox\Portfolio\node_modules\.bin;C:\ProgramData\Oracle\Java\javapath;C:\Program Files (x86)\Intel\iCLS Client\;C:\Program Files\Intel\iCLS Client\;C:\Windows\system32;C:\Windows;C:\Windows\System32\Wbem;C:\Windows\System32\WindowsPowerShell\v1.0\;C:\Program Files (x86)\Intel\Intel(R) Management Engine Components\DAL;C:\Program Files\Intel\Intel(R) Management Engine Components\DAL;C:\Program Files (x86)\Intel\Intel(R) Management Engine Components\IPT;C:\Program Files\Intel\Intel(R) Management Engine Components\IPT;C:\Program Files (x86)\NVIDIA Corporation\PhysX\Common;C:\WINDOWS\system32;C:\WINDOWS;C:\WINDOWS\System32\Wbem;C:\WINDOWS\System32\WindowsPowerShell\v1.0\;C:\Program Files\nodejs\;D:\xampp\php;C:\ProgramData\ComposerSetup\bin;C:\WINDOWS\System32\OpenSSH\;D:\Program Files\Git\cmd;C:\Ruby24-x64\bin;C:\Users\matt\AppData\Local\Microsoft\WindowsApps;D:\Program Files\Microsoft VS Code\bin;C:\Users\matt\AppData\Roaming\npm;C:\Users\matt\AppData\Roaming\Composer\vendor\bin;
10 verbose lifecycle portfolio@1.0.0~sass: CWD: F:\Testing Shit Sandbox\Portfolio
11 silly lifecycle portfolio@1.0.0~sass: Args: [ '/d /s /c', 'node-sass -w scss/ -o dist/css/ --recursive' ]
12 silly lifecycle portfolio@1.0.0~sass: Returned: code: 3221225786  signal: null
13 info lifecycle portfolio@1.0.0~sass: Failed to exec sass script
14 verbose stack Error: portfolio@1.0.0 sass: `node-sass -w scss/ -o dist/css/ --recursive`
14 verbose stack Exit status 3221225786
14 verbose stack     at EventEmitter.<anonymous> (C:\Program Files\nodejs\node_modules\npm\lib\utils\lifecycle.js:255:16)
14 verbose stack     at emitTwo (events.js:106:13)
14 verbose stack     at EventEmitter.emit (events.js:191:7)
14 verbose stack     at ChildProcess.<anonymous> (C:\Program Files\nodejs\node_modules\npm\lib\utils\spawn.js:40:14)
14 verbose stack     at emitTwo (events.js:106:13)
14 verbose stack     at ChildProcess.emit (events.js:191:7)
14 verbose stack     at maybeClose (internal/child_process.js:920:16)
14 verbose stack     at Process.ChildProcess._handle.onexit (internal/child_process.js:230:5)
15 verbose pkgid portfolio@1.0.0
16 verbose cwd F:\Testing Shit Sandbox\Portfolio
17 error Windows_NT 10.0.17134
18 error argv "C:\\Program Files\\nodejs\\node.exe" "C:\\Program Files\\nodejs\\node_modules\\npm\\bin\\npm-cli.js" "run" "sass"
19 error node v6.11.3
20 error npm  v3.10.10
21 error code ELIFECYCLE
22 error portfolio@1.0.0 sass: `node-sass -w scss/ -o dist/css/ --recursive`
22 error Exit status 3221225786
23 error Failed at the portfolio@1.0.0 sass script 'node-sass -w scss/ -o dist/css/ --recursive'.
23 error Make sure you have the latest version of node.js and npm installed.
23 error If you do, this is most likely a problem with the portfolio package,
23 error not with npm itself.
23 error Tell the author that this fails on your system:
23 error     node-sass -w scss/ -o dist/css/ --recursive
23 error You can get information on how to open an issue for this project with:
23 error     npm bugs portfolio
23 error Or if that isn't available, you can get their info via:
23 error     npm owner ls portfolio
23 error There is likely additional logging output above.
24 verbose exit [ 1, true ]
